{"/Users/datpt/Desktop/response-cache/src/index.js": {"path":"/Users/datpt/Desktop/response-cache/src/index.js","statementMap":{"0":{"start":{"line":4,"column":4},"end":{"line":109,"column":6}},"1":{"start":{"line":5,"column":23},"end":{"line":5,"column":55}},"2":{"start":{"line":6,"column":6},"end":{"line":6,"column":38}},"3":{"start":{"line":6,"column":24},"end":{"line":6,"column":38}},"4":{"start":{"line":7,"column":19},"end":{"line":7,"column":26}},"5":{"start":{"line":8,"column":21},"end":{"line":8,"column":30}},"6":{"start":{"line":9,"column":20},"end":{"line":9,"column":24}},"7":{"start":{"line":10,"column":24},"end":{"line":10,"column":42}},"8":{"start":{"line":12,"column":16},"end":{"line":12,"column":59}},"9":{"start":{"line":13,"column":26},"end":{"line":16,"column":7}},"10":{"start":{"line":19,"column":6},"end":{"line":19,"column":60}},"11":{"start":{"line":19,"column":46},"end":{"line":19,"column":60}},"12":{"start":{"line":22,"column":31},"end":{"line":22,"column":66}},"13":{"start":{"line":24,"column":6},"end":{"line":29,"column":7}},"14":{"start":{"line":25,"column":8},"end":{"line":25,"column":54}},"15":{"start":{"line":26,"column":8},"end":{"line":26,"column":65}},"16":{"start":{"line":27,"column":8},"end":{"line":27,"column":40}},"17":{"start":{"line":28,"column":8},"end":{"line":28,"column":15}},"18":{"start":{"line":36,"column":8},"end":{"line":58,"column":9}},"19":{"start":{"line":37,"column":10},"end":{"line":57,"column":11}},"20":{"start":{"line":38,"column":12},"end":{"line":38,"column":66}},"21":{"start":{"line":39,"column":17},"end":{"line":57,"column":11}},"22":{"start":{"line":40,"column":29},"end":{"line":40,"column":45}},"23":{"start":{"line":42,"column":12},"end":{"line":44,"column":13}},"24":{"start":{"line":43,"column":14},"end":{"line":43,"column":51}},"25":{"start":{"line":46,"column":12},"end":{"line":48,"column":13}},"26":{"start":{"line":47,"column":14},"end":{"line":47,"column":43}},"27":{"start":{"line":51,"column":12},"end":{"line":54,"column":14}},"28":{"start":{"line":56,"column":12},"end":{"line":56,"column":39}},"29":{"start":{"line":65,"column":8},"end":{"line":86,"column":9}},"30":{"start":{"line":66,"column":10},"end":{"line":83,"column":11}},"31":{"start":{"line":67,"column":12},"end":{"line":69,"column":29}},"32":{"start":{"line":70,"column":33},"end":{"line":70,"column":63}},"33":{"start":{"line":71,"column":12},"end":{"line":71,"column":70}},"34":{"start":{"line":72,"column":12},"end":{"line":78,"column":13}},"35":{"start":{"line":73,"column":14},"end":{"line":77,"column":15}},"36":{"start":{"line":74,"column":16},"end":{"line":74,"column":68}},"37":{"start":{"line":76,"column":16},"end":{"line":76,"column":44}},"38":{"start":{"line":79,"column":12},"end":{"line":79,"column":59}},"39":{"start":{"line":80,"column":12},"end":{"line":80,"column":52}},"40":{"start":{"line":82,"column":12},"end":{"line":82,"column":60}},"41":{"start":{"line":90,"column":6},"end":{"line":93,"column":8}},"42":{"start":{"line":91,"column":8},"end":{"line":91,"column":31}},"43":{"start":{"line":92,"column":8},"end":{"line":92,"column":37}},"44":{"start":{"line":96,"column":6},"end":{"line":106,"column":8}},"45":{"start":{"line":97,"column":8},"end":{"line":97,"column":41}},"46":{"start":{"line":99,"column":8},"end":{"line":99,"column":65}},"47":{"start":{"line":101,"column":8},"end":{"line":101,"column":35}},"48":{"start":{"line":103,"column":8},"end":{"line":105,"column":9}},"49":{"start":{"line":104,"column":10},"end":{"line":104,"column":64}},"50":{"start":{"line":108,"column":6},"end":{"line":108,"column":13}},"51":{"start":{"line":113,"column":4},"end":{"line":113,"column":37}},"52":{"start":{"line":115,"column":4},"end":{"line":120,"column":5}},"53":{"start":{"line":116,"column":6},"end":{"line":119,"column":9}},"54":{"start":{"line":117,"column":8},"end":{"line":117,"column":34}},"55":{"start":{"line":117,"column":17},"end":{"line":117,"column":34}},"56":{"start":{"line":118,"column":8},"end":{"line":118,"column":30}},"57":{"start":{"line":122,"column":2},"end":{"line":125,"column":4}},"58":{"start":{"line":128,"column":0},"end":{"line":128,"column":31}}},"fnMap":{"0":{"name":"CacheResponse","decl":{"start":{"line":1,"column":9},"end":{"line":1,"column":22}},"loc":{"start":{"line":1,"column":36},"end":{"line":126,"column":1}},"line":1},"1":{"name":"cache","decl":{"start":{"line":3,"column":11},"end":{"line":3,"column":16}},"loc":{"start":{"line":3,"column":31},"end":{"line":110,"column":3}},"line":3},"2":{"name":"(anonymous_2)","decl":{"start":{"line":4,"column":11},"end":{"line":4,"column":12}},"loc":{"start":{"line":4,"column":43},"end":{"line":109,"column":5}},"line":4},"3":{"name":"hanldeContent","decl":{"start":{"line":35,"column":15},"end":{"line":35,"column":28}},"loc":{"start":{"line":35,"column":38},"end":{"line":59,"column":7}},"line":35},"4":{"name":"cacheResponse","decl":{"start":{"line":64,"column":21},"end":{"line":64,"column":34}},"loc":{"start":{"line":64,"column":37},"end":{"line":87,"column":7}},"line":64},"5":{"name":"(anonymous_5)","decl":{"start":{"line":90,"column":18},"end":{"line":90,"column":19}},"loc":{"start":{"line":90,"column":37},"end":{"line":93,"column":7}},"line":90},"6":{"name":"(anonymous_6)","decl":{"start":{"line":96,"column":16},"end":{"line":96,"column":17}},"loc":{"start":{"line":96,"column":45},"end":{"line":106,"column":7}},"line":96},"7":{"name":"clear","decl":{"start":{"line":112,"column":11},"end":{"line":112,"column":16}},"loc":{"start":{"line":112,"column":22},"end":{"line":121,"column":3}},"line":112},"8":{"name":"(anonymous_8)","decl":{"start":{"line":116,"column":28},"end":{"line":116,"column":29}},"loc":{"start":{"line":116,"column":49},"end":{"line":119,"column":7}},"line":116}},"branchMap":{"0":{"loc":{"start":{"line":3,"column":17},"end":{"line":3,"column":29}},"type":"default-arg","locations":[{"start":{"line":3,"column":27},"end":{"line":3,"column":29}}],"line":3},"1":{"loc":{"start":{"line":5,"column":23},"end":{"line":5,"column":55}},"type":"binary-expr","locations":[{"start":{"line":5,"column":23},"end":{"line":5,"column":39}},{"start":{"line":5,"column":43},"end":{"line":5,"column":55}}],"line":5},"2":{"loc":{"start":{"line":6,"column":6},"end":{"line":6,"column":38}},"type":"if","locations":[{"start":{"line":6,"column":6},"end":{"line":6,"column":38}},{"start":{"line":6,"column":6},"end":{"line":6,"column":38}}],"line":6},"3":{"loc":{"start":{"line":12,"column":16},"end":{"line":12,"column":59}},"type":"cond-expr","locations":[{"start":{"line":12,"column":30},"end":{"line":12,"column":41}},{"start":{"line":12,"column":44},"end":{"line":12,"column":59}}],"line":12},"4":{"loc":{"start":{"line":19,"column":6},"end":{"line":19,"column":60}},"type":"if","locations":[{"start":{"line":19,"column":6},"end":{"line":19,"column":60}},{"start":{"line":19,"column":6},"end":{"line":19,"column":60}}],"line":19},"5":{"loc":{"start":{"line":24,"column":6},"end":{"line":29,"column":7}},"type":"if","locations":[{"start":{"line":24,"column":6},"end":{"line":29,"column":7}},{"start":{"line":24,"column":6},"end":{"line":29,"column":7}}],"line":24},"6":{"loc":{"start":{"line":36,"column":8},"end":{"line":58,"column":9}},"type":"if","locations":[{"start":{"line":36,"column":8},"end":{"line":58,"column":9}},{"start":{"line":36,"column":8},"end":{"line":58,"column":9}}],"line":36},"7":{"loc":{"start":{"line":37,"column":10},"end":{"line":57,"column":11}},"type":"if","locations":[{"start":{"line":37,"column":10},"end":{"line":57,"column":11}},{"start":{"line":37,"column":10},"end":{"line":57,"column":11}}],"line":37},"8":{"loc":{"start":{"line":38,"column":32},"end":{"line":38,"column":54}},"type":"binary-expr","locations":[{"start":{"line":38,"column":32},"end":{"line":38,"column":48}},{"start":{"line":38,"column":52},"end":{"line":38,"column":54}}],"line":38},"9":{"loc":{"start":{"line":39,"column":17},"end":{"line":57,"column":11}},"type":"if","locations":[{"start":{"line":39,"column":17},"end":{"line":57,"column":11}},{"start":{"line":39,"column":17},"end":{"line":57,"column":11}}],"line":39},"10":{"loc":{"start":{"line":42,"column":12},"end":{"line":44,"column":13}},"type":"if","locations":[{"start":{"line":42,"column":12},"end":{"line":44,"column":13}},{"start":{"line":42,"column":12},"end":{"line":44,"column":13}}],"line":42},"11":{"loc":{"start":{"line":46,"column":12},"end":{"line":48,"column":13}},"type":"if","locations":[{"start":{"line":46,"column":12},"end":{"line":48,"column":13}},{"start":{"line":46,"column":12},"end":{"line":48,"column":13}}],"line":46},"12":{"loc":{"start":{"line":65,"column":8},"end":{"line":86,"column":9}},"type":"if","locations":[{"start":{"line":65,"column":8},"end":{"line":86,"column":9}},{"start":{"line":65,"column":8},"end":{"line":86,"column":9}}],"line":65},"13":{"loc":{"start":{"line":67,"column":34},"end":{"line":69,"column":28}},"type":"cond-expr","locations":[{"start":{"line":68,"column":16},"end":{"line":68,"column":32}},{"start":{"line":69,"column":16},"end":{"line":69,"column":28}}],"line":67},"14":{"loc":{"start":{"line":72,"column":12},"end":{"line":78,"column":13}},"type":"if","locations":[{"start":{"line":72,"column":12},"end":{"line":78,"column":13}},{"start":{"line":72,"column":12},"end":{"line":78,"column":13}}],"line":72},"15":{"loc":{"start":{"line":73,"column":14},"end":{"line":77,"column":15}},"type":"if","locations":[{"start":{"line":73,"column":14},"end":{"line":77,"column":15}},{"start":{"line":73,"column":14},"end":{"line":77,"column":15}}],"line":73},"16":{"loc":{"start":{"line":74,"column":22},"end":{"line":74,"column":67}},"type":"cond-expr","locations":[{"start":{"line":74,"column":37},"end":{"line":74,"column":61}},{"start":{"line":74,"column":64},"end":{"line":74,"column":67}}],"line":74},"17":{"loc":{"start":{"line":103,"column":8},"end":{"line":105,"column":9}},"type":"if","locations":[{"start":{"line":103,"column":8},"end":{"line":105,"column":9}},{"start":{"line":103,"column":8},"end":{"line":105,"column":9}}],"line":103},"18":{"loc":{"start":{"line":115,"column":4},"end":{"line":120,"column":5}},"type":"if","locations":[{"start":{"line":115,"column":4},"end":{"line":120,"column":5}},{"start":{"line":115,"column":4},"end":{"line":120,"column":5}}],"line":115},"19":{"loc":{"start":{"line":117,"column":8},"end":{"line":117,"column":34}},"type":"if","locations":[{"start":{"line":117,"column":8},"end":{"line":117,"column":34}},{"start":{"line":117,"column":8},"end":{"line":117,"column":34}}],"line":117}},"s":{"0":0,"1":0,"2":0,"3":0,"4":0,"5":0,"6":0,"7":0,"8":0,"9":0,"10":0,"11":0,"12":0,"13":0,"14":0,"15":0,"16":0,"17":0,"18":0,"19":0,"20":0,"21":0,"22":0,"23":0,"24":0,"25":0,"26":0,"27":0,"28":0,"29":0,"30":0,"31":0,"32":0,"33":0,"34":0,"35":0,"36":0,"37":0,"38":0,"39":0,"40":0,"41":0,"42":0,"43":0,"44":0,"45":0,"46":0,"47":0,"48":0,"49":0,"50":0,"51":0,"52":0,"53":0,"54":0,"55":0,"56":0,"57":1,"58":1},"f":{"0":1,"1":0,"2":0,"3":0,"4":0,"5":0,"6":0,"7":0,"8":0},"b":{"0":[0],"1":[0,0],"2":[0,0],"3":[0,0],"4":[0,0],"5":[0,0],"6":[0,0],"7":[0,0],"8":[0,0],"9":[0,0],"10":[0,0],"11":[0,0],"12":[0,0],"13":[0,0],"14":[0,0],"15":[0,0],"16":[0,0],"17":[0,0],"18":[0,0],"19":[0,0]},"_coverageSchema":"1a1c01bbd47fc00a2c39e90264f33305004495a9","hash":"57043313b6ba4fe3758cdc5a66040aa48a7b80a3"}
}
